  tests.cpp
C:\Program Files (x86)\Windows Kits\8.1\Include\shared\ntstatus.h(66): warning C4005: 'STATUS_WAIT_0' : macro redefinition
          C:\Program Files (x86)\Windows Kits\8.1\Include\um\winnt.h(2210) : see previous definition of 'STATUS_WAIT_0'
C:\Program Files (x86)\Windows Kits\8.1\Include\shared\ntstatus.h(212): warning C4005: 'STATUS_ABANDONED_WAIT_0' : macro redefinition
          C:\Program Files (x86)\Windows Kits\8.1\Include\um\winnt.h(2211) : see previous definition of 'STATUS_ABANDONED_WAIT_0'
C:\Program Files (x86)\Windows Kits\8.1\Include\shared\ntstatus.h(235): warning C4005: 'STATUS_USER_APC' : macro redefinition
          C:\Program Files (x86)\Windows Kits\8.1\Include\um\winnt.h(2212) : see previous definition of 'STATUS_USER_APC'
C:\Program Files (x86)\Windows Kits\8.1\Include\shared\ntstatus.h(262): warning C4005: 'STATUS_TIMEOUT' : macro redefinition
          C:\Program Files (x86)\Windows Kits\8.1\Include\um\winnt.h(2213) : see previous definition of 'STATUS_TIMEOUT'
C:\Program Files (x86)\Windows Kits\8.1\Include\shared\ntstatus.h(271): warning C4005: 'STATUS_PENDING' : macro redefinition
          C:\Program Files (x86)\Windows Kits\8.1\Include\um\winnt.h(2214) : see previous definition of 'STATUS_PENDING'
C:\Program Files (x86)\Windows Kits\8.1\Include\shared\ntstatus.h(682): warning C4005: 'DBG_EXCEPTION_HANDLED' : macro redefinition
          C:\Program Files (x86)\Windows Kits\8.1\Include\um\winnt.h(2215) : see previous definition of 'DBG_EXCEPTION_HANDLED'
C:\Program Files (x86)\Windows Kits\8.1\Include\shared\ntstatus.h(691): warning C4005: 'DBG_CONTINUE' : macro redefinition
          C:\Program Files (x86)\Windows Kits\8.1\Include\um\winnt.h(2216) : see previous definition of 'DBG_CONTINUE'
C:\Program Files (x86)\Windows Kits\8.1\Include\shared\ntstatus.h(766): warning C4005: 'STATUS_SEGMENT_NOTIFICATION' : macro redefinition
          C:\Program Files (x86)\Windows Kits\8.1\Include\um\winnt.h(2217) : see previous definition of 'STATUS_SEGMENT_NOTIFICATION'
C:\Program Files (x86)\Windows Kits\8.1\Include\shared\ntstatus.h(929): warning C4005: 'STATUS_FATAL_APP_EXIT' : macro redefinition
          C:\Program Files (x86)\Windows Kits\8.1\Include\um\winnt.h(2218) : see previous definition of 'STATUS_FATAL_APP_EXIT'
C:\Program Files (x86)\Windows Kits\8.1\Include\shared\ntstatus.h(1258): warning C4005: 'DBG_TERMINATE_THREAD' : macro redefinition
          C:\Program Files (x86)\Windows Kits\8.1\Include\um\winnt.h(2219) : see previous definition of 'DBG_TERMINATE_THREAD'
C:\Program Files (x86)\Windows Kits\8.1\Include\shared\ntstatus.h(1267): warning C4005: 'DBG_TERMINATE_PROCESS' : macro redefinition
          C:\Program Files (x86)\Windows Kits\8.1\Include\um\winnt.h(2220) : see previous definition of 'DBG_TERMINATE_PROCESS'
C:\Program Files (x86)\Windows Kits\8.1\Include\shared\ntstatus.h(1276): warning C4005: 'DBG_CONTROL_C' : macro redefinition
          C:\Program Files (x86)\Windows Kits\8.1\Include\um\winnt.h(2221) : see previous definition of 'DBG_CONTROL_C'
C:\Program Files (x86)\Windows Kits\8.1\Include\shared\ntstatus.h(1285): warning C4005: 'DBG_PRINTEXCEPTION_C' : macro redefinition
          C:\Program Files (x86)\Windows Kits\8.1\Include\um\winnt.h(2222) : see previous definition of 'DBG_PRINTEXCEPTION_C'
C:\Program Files (x86)\Windows Kits\8.1\Include\shared\ntstatus.h(1294): warning C4005: 'DBG_RIPEXCEPTION' : macro redefinition
          C:\Program Files (x86)\Windows Kits\8.1\Include\um\winnt.h(2223) : see previous definition of 'DBG_RIPEXCEPTION'
C:\Program Files (x86)\Windows Kits\8.1\Include\shared\ntstatus.h(1303): warning C4005: 'DBG_CONTROL_BREAK' : macro redefinition
          C:\Program Files (x86)\Windows Kits\8.1\Include\um\winnt.h(2224) : see previous definition of 'DBG_CONTROL_BREAK'
C:\Program Files (x86)\Windows Kits\8.1\Include\shared\ntstatus.h(1312): warning C4005: 'DBG_COMMAND_EXCEPTION' : macro redefinition
          C:\Program Files (x86)\Windows Kits\8.1\Include\um\winnt.h(2225) : see previous definition of 'DBG_COMMAND_EXCEPTION'
C:\Program Files (x86)\Windows Kits\8.1\Include\shared\ntstatus.h(1344): warning C4005: 'STATUS_GUARD_PAGE_VIOLATION' : macro redefinition
          C:\Program Files (x86)\Windows Kits\8.1\Include\um\winnt.h(2226) : see previous definition of 'STATUS_GUARD_PAGE_VIOLATION'
C:\Program Files (x86)\Windows Kits\8.1\Include\shared\ntstatus.h(1355): warning C4005: 'STATUS_DATATYPE_MISALIGNMENT' : macro redefinition
          C:\Program Files (x86)\Windows Kits\8.1\Include\um\winnt.h(2227) : see previous definition of 'STATUS_DATATYPE_MISALIGNMENT'
C:\Program Files (x86)\Windows Kits\8.1\Include\shared\ntstatus.h(1366): warning C4005: 'STATUS_BREAKPOINT' : macro redefinition
          C:\Program Files (x86)\Windows Kits\8.1\Include\um\winnt.h(2228) : see previous definition of 'STATUS_BREAKPOINT'
C:\Program Files (x86)\Windows Kits\8.1\Include\shared\ntstatus.h(1377): warning C4005: 'STATUS_SINGLE_STEP' : macro redefinition
          C:\Program Files (x86)\Windows Kits\8.1\Include\um\winnt.h(2229) : see previous definition of 'STATUS_SINGLE_STEP'
C:\Program Files (x86)\Windows Kits\8.1\Include\shared\ntstatus.h(1680): warning C4005: 'STATUS_LONGJUMP' : macro redefinition
          C:\Program Files (x86)\Windows Kits\8.1\Include\um\winnt.h(2230) : see previous definition of 'STATUS_LONGJUMP'
C:\Program Files (x86)\Windows Kits\8.1\Include\shared\ntstatus.h(1707): warning C4005: 'STATUS_UNWIND_CONSOLIDATE' : macro redefinition
          C:\Program Files (x86)\Windows Kits\8.1\Include\um\winnt.h(2231) : see previous definition of 'STATUS_UNWIND_CONSOLIDATE'
C:\Program Files (x86)\Windows Kits\8.1\Include\shared\ntstatus.h(1784): warning C4005: 'DBG_EXCEPTION_NOT_HANDLED' : macro redefinition
          C:\Program Files (x86)\Windows Kits\8.1\Include\um\winnt.h(2232) : see previous definition of 'DBG_EXCEPTION_NOT_HANDLED'
C:\Program Files (x86)\Windows Kits\8.1\Include\shared\ntstatus.h(1913): warning C4005: 'STATUS_ACCESS_VIOLATION' : macro redefinition
          C:\Program Files (x86)\Windows Kits\8.1\Include\um\winnt.h(2233) : see previous definition of 'STATUS_ACCESS_VIOLATION'
C:\Program Files (x86)\Windows Kits\8.1\Include\shared\ntstatus.h(1922): warning C4005: 'STATUS_IN_PAGE_ERROR' : macro redefinition
          C:\Program Files (x86)\Windows Kits\8.1\Include\um\winnt.h(2234) : see previous definition of 'STATUS_IN_PAGE_ERROR'
C:\Program Files (x86)\Windows Kits\8.1\Include\shared\ntstatus.h(1940): warning C4005: 'STATUS_INVALID_HANDLE' : macro redefinition
          C:\Program Files (x86)\Windows Kits\8.1\Include\um\winnt.h(2235) : see previous definition of 'STATUS_INVALID_HANDLE'
C:\Program Files (x86)\Windows Kits\8.1\Include\shared\ntstatus.h(1985): warning C4005: 'STATUS_INVALID_PARAMETER' : macro redefinition
          C:\Program Files (x86)\Windows Kits\8.1\Include\um\winnt.h(2236) : see previous definition of 'STATUS_INVALID_PARAMETER'
C:\Program Files (x86)\Windows Kits\8.1\Include\shared\ntstatus.h(2085): warning C4005: 'STATUS_NO_MEMORY' : macro redefinition
          C:\Program Files (x86)\Windows Kits\8.1\Include\um\winnt.h(2237) : see previous definition of 'STATUS_NO_MEMORY'
C:\Program Files (x86)\Windows Kits\8.1\Include\shared\ntstatus.h(2142): warning C4005: 'STATUS_ILLEGAL_INSTRUCTION' : macro redefinition
          C:\Program Files (x86)\Windows Kits\8.1\Include\um\winnt.h(2238) : see previous definition of 'STATUS_ILLEGAL_INSTRUCTION'
C:\Program Files (x86)\Windows Kits\8.1\Include\shared\ntstatus.h(2223): warning C4005: 'STATUS_NONCONTINUABLE_EXCEPTION' : macro redefinition
          C:\Program Files (x86)\Windows Kits\8.1\Include\um\winnt.h(2239) : see previous definition of 'STATUS_NONCONTINUABLE_EXCEPTION'
C:\Program Files (x86)\Windows Kits\8.1\Include\shared\ntstatus.h(2232): warning C4005: 'STATUS_INVALID_DISPOSITION' : macro redefinition
          C:\Program Files (x86)\Windows Kits\8.1\Include\um\winnt.h(2240) : see previous definition of 'STATUS_INVALID_DISPOSITION'
C:\Program Files (x86)\Windows Kits\8.1\Include\shared\ntstatus.h(3155): warning C4005: 'STATUS_ARRAY_BOUNDS_EXCEEDED' : macro redefinition
          C:\Program Files (x86)\Windows Kits\8.1\Include\um\winnt.h(2241) : see previous definition of 'STATUS_ARRAY_BOUNDS_EXCEEDED'
C:\Program Files (x86)\Windows Kits\8.1\Include\shared\ntstatus.h(3165): warning C4005: 'STATUS_FLOAT_DENORMAL_OPERAND' : macro redefinition
          C:\Program Files (x86)\Windows Kits\8.1\Include\um\winnt.h(2242) : see previous definition of 'STATUS_FLOAT_DENORMAL_OPERAND'
C:\Program Files (x86)\Windows Kits\8.1\Include\shared\ntstatus.h(3175): warning C4005: 'STATUS_FLOAT_DIVIDE_BY_ZERO' : macro redefinition
          C:\Program Files (x86)\Windows Kits\8.1\Include\um\winnt.h(2243) : see previous definition of 'STATUS_FLOAT_DIVIDE_BY_ZERO'
C:\Program Files (x86)\Windows Kits\8.1\Include\shared\ntstatus.h(3185): warning C4005: 'STATUS_FLOAT_INEXACT_RESULT' : macro redefinition
          C:\Program Files (x86)\Windows Kits\8.1\Include\um\winnt.h(2244) : see previous definition of 'STATUS_FLOAT_INEXACT_RESULT'
C:\Program Files (x86)\Windows Kits\8.1\Include\shared\ntstatus.h(3195): warning C4005: 'STATUS_FLOAT_INVALID_OPERATION' : macro redefinition
          C:\Program Files (x86)\Windows Kits\8.1\Include\um\winnt.h(2245) : see previous definition of 'STATUS_FLOAT_INVALID_OPERATION'
C:\Program Files (x86)\Windows Kits\8.1\Include\shared\ntstatus.h(3205): warning C4005: 'STATUS_FLOAT_OVERFLOW' : macro redefinition
          C:\Program Files (x86)\Windows Kits\8.1\Include\um\winnt.h(2246) : see previous definition of 'STATUS_FLOAT_OVERFLOW'
C:\Program Files (x86)\Windows Kits\8.1\Include\shared\ntstatus.h(3215): warning C4005: 'STATUS_FLOAT_STACK_CHECK' : macro redefinition
          C:\Program Files (x86)\Windows Kits\8.1\Include\um\winnt.h(2247) : see previous definition of 'STATUS_FLOAT_STACK_CHECK'
C:\Program Files (x86)\Windows Kits\8.1\Include\shared\ntstatus.h(3225): warning C4005: 'STATUS_FLOAT_UNDERFLOW' : macro redefinition
          C:\Program Files (x86)\Windows Kits\8.1\Include\um\winnt.h(2248) : see previous definition of 'STATUS_FLOAT_UNDERFLOW'
C:\Program Files (x86)\Windows Kits\8.1\Include\shared\ntstatus.h(3235): warning C4005: 'STATUS_INTEGER_DIVIDE_BY_ZERO' : macro redefinition
          C:\Program Files (x86)\Windows Kits\8.1\Include\um\winnt.h(2249) : see previous definition of 'STATUS_INTEGER_DIVIDE_BY_ZERO'
C:\Program Files (x86)\Windows Kits\8.1\Include\shared\ntstatus.h(3245): warning C4005: 'STATUS_INTEGER_OVERFLOW' : macro redefinition
          C:\Program Files (x86)\Windows Kits\8.1\Include\um\winnt.h(2250) : see previous definition of 'STATUS_INTEGER_OVERFLOW'
C:\Program Files (x86)\Windows Kits\8.1\Include\shared\ntstatus.h(3255): warning C4005: 'STATUS_PRIVILEGED_INSTRUCTION' : macro redefinition
          C:\Program Files (x86)\Windows Kits\8.1\Include\um\winnt.h(2251) : see previous definition of 'STATUS_PRIVILEGED_INSTRUCTION'
C:\Program Files (x86)\Windows Kits\8.1\Include\shared\ntstatus.h(4201): warning C4005: 'STATUS_STACK_OVERFLOW' : macro redefinition
          C:\Program Files (x86)\Windows Kits\8.1\Include\um\winnt.h(2252) : see previous definition of 'STATUS_STACK_OVERFLOW'
C:\Program Files (x86)\Windows Kits\8.1\Include\shared\ntstatus.h(4718): warning C4005: 'STATUS_DLL_NOT_FOUND' : macro redefinition
          C:\Program Files (x86)\Windows Kits\8.1\Include\um\winnt.h(2253) : see previous definition of 'STATUS_DLL_NOT_FOUND'
C:\Program Files (x86)\Windows Kits\8.1\Include\shared\ntstatus.h(4747): warning C4005: 'STATUS_ORDINAL_NOT_FOUND' : macro redefinition
          C:\Program Files (x86)\Windows Kits\8.1\Include\um\winnt.h(2254) : see previous definition of 'STATUS_ORDINAL_NOT_FOUND'
C:\Program Files (x86)\Windows Kits\8.1\Include\shared\ntstatus.h(4757): warning C4005: 'STATUS_ENTRYPOINT_NOT_FOUND' : macro redefinition
          C:\Program Files (x86)\Windows Kits\8.1\Include\um\winnt.h(2255) : see previous definition of 'STATUS_ENTRYPOINT_NOT_FOUND'
C:\Program Files (x86)\Windows Kits\8.1\Include\shared\ntstatus.h(4767): warning C4005: 'STATUS_CONTROL_C_EXIT' : macro redefinition
          C:\Program Files (x86)\Windows Kits\8.1\Include\um\winnt.h(2256) : see previous definition of 'STATUS_CONTROL_C_EXIT'
C:\Program Files (x86)\Windows Kits\8.1\Include\shared\ntstatus.h(4845): warning C4005: 'STATUS_DLL_INIT_FAILED' : macro redefinition
          C:\Program Files (x86)\Windows Kits\8.1\Include\um\winnt.h(2257) : see previous definition of 'STATUS_DLL_INIT_FAILED'
C:\Program Files (x86)\Windows Kits\8.1\Include\shared\ntstatus.h(7319): warning C4005: 'STATUS_FLOAT_MULTIPLE_FAULTS' : macro redefinition
          C:\Program Files (x86)\Windows Kits\8.1\Include\um\winnt.h(2258) : see previous definition of 'STATUS_FLOAT_MULTIPLE_FAULTS'
C:\Program Files (x86)\Windows Kits\8.1\Include\shared\ntstatus.h(7329): warning C4005: 'STATUS_FLOAT_MULTIPLE_TRAPS' : macro redefinition
          C:\Program Files (x86)\Windows Kits\8.1\Include\um\winnt.h(2259) : see previous definition of 'STATUS_FLOAT_MULTIPLE_TRAPS'
C:\Program Files (x86)\Windows Kits\8.1\Include\shared\ntstatus.h(7461): warning C4005: 'STATUS_REG_NAT_CONSUMPTION' : macro redefinition
          C:\Program Files (x86)\Windows Kits\8.1\Include\um\winnt.h(2260) : see previous definition of 'STATUS_REG_NAT_CONSUMPTION'
C:\Program Files (x86)\Windows Kits\8.1\Include\shared\ntstatus.h(8435): warning C4005: 'STATUS_HEAP_CORRUPTION' : macro redefinition
          C:\Program Files (x86)\Windows Kits\8.1\Include\um\winnt.h(2261) : see previous definition of 'STATUS_HEAP_CORRUPTION'
C:\Program Files (x86)\Windows Kits\8.1\Include\shared\ntstatus.h(8663): warning C4005: 'STATUS_STACK_BUFFER_OVERRUN' : macro redefinition
          C:\Program Files (x86)\Windows Kits\8.1\Include\um\winnt.h(2262) : see previous definition of 'STATUS_STACK_BUFFER_OVERRUN'
C:\Program Files (x86)\Windows Kits\8.1\Include\shared\ntstatus.h(8790): warning C4005: 'STATUS_INVALID_CRUNTIME_PARAMETER' : macro redefinition
          C:\Program Files (x86)\Windows Kits\8.1\Include\um\winnt.h(2263) : see previous definition of 'STATUS_INVALID_CRUNTIME_PARAMETER'
C:\Program Files (x86)\Windows Kits\8.1\Include\shared\ntstatus.h(8853): warning C4005: 'STATUS_ASSERTION_FAILURE' : macro redefinition
          C:\Program Files (x86)\Windows Kits\8.1\Include\um\winnt.h(2264) : see previous definition of 'STATUS_ASSERTION_FAILURE'
C:\Program Files (x86)\Windows Kits\8.1\Include\shared\ntstatus.h(12876): warning C4005: 'STATUS_SXS_EARLY_DEACTIVATION' : macro redefinition
          C:\Program Files (x86)\Windows Kits\8.1\Include\um\winnt.h(2266) : see previous definition of 'STATUS_SXS_EARLY_DEACTIVATION'
C:\Program Files (x86)\Windows Kits\8.1\Include\shared\ntstatus.h(12885): warning C4005: 'STATUS_SXS_INVALID_DEACTIVATION' : macro redefinition
          C:\Program Files (x86)\Windows Kits\8.1\Include\um\winnt.h(2267) : see previous definition of 'STATUS_SXS_INVALID_DEACTIVATION'
c:\users\alper\compatibilityapi\coak32\coak32\kernel32\coak32.h(41): warning C4005: 'NUMA_NO_PREFERRED_NODE' : macro redefinition
          C:\Program Files (x86)\Windows Kits\8.1\Include\um\winbase.h(560) : see previous definition of 'NUMA_NO_PREFERRED_NODE'
forward.obj : warning LNK4197: export 'GetVersionExA' specified multiple times; using first specification
forward.obj : warning LNK4197: export 'GetVersionExW' specified multiple times; using first specification
forward.obj : warning LNK4197: export 'VerifyVersionInfoA' specified multiple times; using first specification
forward.obj : warning LNK4197: export 'VerifyVersionInfoW' specified multiple times; using first specification
forward.obj : warning LNK4197: export 'IsWow64Process2' specified multiple times; using first specification
forward.obj : warning LNK4197: export 'GetSystemWow64Directory2A' specified multiple times; using first specification
forward.obj : warning LNK4197: export 'GetSystemWow64Directory2W' specified multiple times; using first specification
forward.obj : warning LNK4197: export 'IsWow64GuestMachineSupported' specified multiple times; using first specification
forward.obj : warning LNK4197: export 'COAWINAPI' specified multiple times; using first specification
forward.obj : warning LNK4197: export 'QueryAuxiliaryCounterFrequency' specified multiple times; using first specification
forward.obj : warning LNK4197: export 'AdjustWindowRectExForDpi' specified multiple times; using first specification
forward.obj : warning LNK4197: export 'CheckIsElevationEnabled' specified multiple times; using first specification
forward.obj : warning LNK4197: export 'GetSystemCpuSetInformation' specified multiple times; using first specification
forward.obj : warning LNK4197: export 'VirtualAlloc2' specified multiple times; using first specification
forward.obj : warning LNK4197: export 'VirtualAlloc2FromApp' specified multiple times; using first specification
forward.obj : warning LNK4197: export 'QueryUnbiasedInterruptTimePrecise' specified multiple times; using first specification
     Creating library C:\Users\alper\CompatibilityAPI\coak32\coak32\kernel32\x64\Release\coak3264.lib and object C:\Users\alper\CompatibilityAPI\coak32\coak32\kernel32\x64\Release\coak3264.exp
  Generating code
c:\users\alper\compatibilityapi\coak32\coak32\kernel32\main.cpp(524): warning C4701: potentially uninitialized local variable 'AddressRequirements' used
  Finished generating code
  coak32.vcxproj -> C:\Users\alper\CompatibilityAPI\coak32\coak32\kernel32\x64\Release\coak3264.dll
