Build started 18.07.2025 11:10:30.
     1>Project "C:\Users\alper\compatibilityapi\ui86atcor\UIAutomationCore\ui86atcor.vcxproj" on node 2 (Build target(s)).
     1>ClCompile:
         C:\Program Files (x86)\Microsoft Visual Studio 12.0\VC\bin\CL.exe /c /Zi /nologo /W4 /WX- /O2 /Oi /Ot /Oy- /GL /D "_SCL_SECURE_NO_WARNINGS" /D "_CRT_SECURE_NO_WARNINGS" /D "WIN32" /D NDEBUG /D "_WINDOWS" /D _USRDLL /D DllProxyTemplate_EXPORTS /D "_WINDLL" /D "_UNICODE" /D "UNICODE" /Gm- /EHa /MT /GS /Gy /fp:precise /Zc:wchar_t /Zc:forScope /GR- /Fo"Release\\" /Fd"Release\vc120.pdb" /Gd /TP /analyze /errorReport:prompt forward.cpp
         forward.cpp
       Link:
         C:\Program Files (x86)\Microsoft Visual Studio 12.0\VC\bin\link.exe /ERRORREPORT:PROMPT /OUT:"C:\Users\alper\compatibilityapi\ui86atcor\UIAutomationCore\Release\ui86atcor.dll" /INCREMENTAL:NO /NOLOGO kernel32.lib user32.lib gdi32.lib winspool.lib comdlg32.lib advapi32.lib shell32.lib ole32.lib oleaut32.lib uuid.lib odbc32.lib odbccp32.lib /MANIFEST /MANIFESTUAC:"level='asInvoker' uiAccess='false'" /manifest:embed /PDB:"C:\Users\alper\compatibilityapi\ui86atcor\UIAutomationCore\Release\ui86atcor.pdb" /SUBSYSTEM:WINDOWS /OPT:REF /OPT:ICF /LTCG /TLBID:1 /DYNAMICBASE /NXCOMPAT /IMPLIB:"C:\Users\alper\compatibilityapi\ui86atcor\UIAutomationCore\Release\ui86atcor.lib" /MACHINE:X86 /SAFESEH /DLL Release\ui86atcor.res
         Release\main.obj
         Release\forward.obj
     1>forward.obj : warning LNK4104: export of symbol 'DllCanUnloadNow' should be PRIVATE
     1>forward.obj : warning LNK4104: export of symbol 'DllGetClassObject' should be PRIVATE
     1>forward.obj : warning LNK4104: export of symbol 'DllRegisterServer' should be PRIVATE
     1>forward.obj : warning LNK4104: export of symbol 'DllUnregisterServer' should be PRIVATE
            Creating library C:\Users\alper\compatibilityapi\ui86atcor\UIAutomationCore\Release\ui86atcor.lib and object C:\Users\alper\compatibilityapi\ui86atcor\UIAutomationCore\Release\ui86atcor.exp
         Generating code
         Finished generating code
         ui86atcor.vcxproj -> C:\Users\alper\compatibilityapi\ui86atcor\UIAutomationCore\Release\ui86atcor.dll
     1>Done Building Project "C:\Users\alper\compatibilityapi\ui86atcor\UIAutomationCore\ui86atcor.vcxproj" (Build target(s)).

Build succeeded.

Time Elapsed 00:00:00.61
