Build started 19.07.2025 13:05:44.
     1>Project "C:\Users\alper\compatibilityapi\uiatcor\UIAutomationCore\uiatcor.vcxproj" on node 2 (Build target(s)).
     1>ClCompile:
         C:\Program Files (x86)\Microsoft Visual Studio 12.0\VC\bin\x86_amd64\CL.exe /c /Zi /nologo /W4 /WX- /O2 /Oi /Ot /GL /D "_WIN64" /D _AMD64 /D "_SCL_SECURE_NO_WARNINGS" /D "_CRT_SECURE_NO_WARNINGS" /D "WIN32" /D NDEBUG /D "_WINDOWS" /D _USRDLL /D DllProxyTemplate_EXPORTS /D "_WINDLL" /D "_UNICODE" /D "UNICODE" /Gm- /EHa /MT /GS /Gy /fp:precise /Zc:wchar_t /Zc:forScope /GR- /Fo"x64\Release\\" /Fd"x64\Release\vc120.pdb" /Gd /TP /analyze /errorReport:prompt main.cpp forward.cpp
         main.cpp
         forward.cpp
         Running Code Analysis for C/C++...
       ResourceCompile:
         C:\Program Files (x86)\Windows Kits\8.1\bin\x86\rc.exe /D "_UNICODE" /D "UNICODE" /l"0x0409" /nologo /fo"x64\Release\uiatcor.res" uiatcor.rc 
       Link:
         C:\Program Files (x86)\Microsoft Visual Studio 12.0\VC\bin\x86_amd64\link.exe /ERRORREPORT:PROMPT /OUT:"C:\Users\alper\compatibilityapi\uiatcor\UIAutomationCore\x64\Release\uiatcor64.dll" /INCREMENTAL:NO /NOLOGO kernel32.lib user32.lib gdi32.lib winspool.lib comdlg32.lib advapi32.lib shell32.lib ole32.lib oleaut32.lib uuid.lib odbc32.lib odbccp32.lib /MANIFEST /MANIFESTUAC:"level='asInvoker' uiAccess='false'" /manifest:embed /PDB:"C:\Users\alper\compatibilityapi\uiatcor\UIAutomationCore\x64\Release\uiatcor64.pdb" /SUBSYSTEM:WINDOWS /OPT:REF /OPT:ICF /LTCG /TLBID:1 /DYNAMICBASE /NXCOMPAT /IMPLIB:"C:\Users\alper\compatibilityapi\uiatcor\UIAutomationCore\x64\Release\uiatcor64.lib" /MACHINE:X64 /DLL x64\Release\uiatcor.res
         x64\Release\main.obj
         x64\Release\forward.obj
     1>forward.obj : warning LNK4104: export of symbol 'DllCanUnloadNow' should be PRIVATE
     1>forward.obj : warning LNK4104: export of symbol 'DllGetClassObject' should be PRIVATE
     1>forward.obj : warning LNK4104: export of symbol 'DllRegisterServer' should be PRIVATE
     1>forward.obj : warning LNK4104: export of symbol 'DllUnregisterServer' should be PRIVATE
     1>forward.obj : warning LNK4197: export 'UiaClientsAreListening' specified multiple times; using first specification
     1>forward.obj : warning LNK4197: export 'UiaHostProviderFromHwnd' specified multiple times; using first specification
     1>forward.obj : warning LNK4197: export 'UiaRaiseAutomationEvent' specified multiple times; using first specification
     1>forward.obj : warning LNK4197: export 'UiaRaiseAutomationPropertyChangedEvent' specified multiple times; using first specification
     1>forward.obj : warning LNK4197: export 'UiaRaiseNotificationEvent' specified multiple times; using first specification
     1>forward.obj : warning LNK4197: export 'UiaReturnRawElementProvider' specified multiple times; using first specification
            Creating library C:\Users\alper\compatibilityapi\uiatcor\UIAutomationCore\x64\Release\uiatcor64.lib and object C:\Users\alper\compatibilityapi\uiatcor\UIAutomationCore\x64\Release\uiatcor64.exp
         Generating code
         Finished generating code
         uiatcor.vcxproj -> C:\Users\alper\compatibilityapi\uiatcor\UIAutomationCore\x64\Release\uiatcor64.dll
     1>Done Building Project "C:\Users\alper\compatibilityapi\uiatcor\UIAutomationCore\uiatcor.vcxproj" (Build target(s)).

Build succeeded.

Time Elapsed 00:00:01.84
