Build started 18.07.2025 10:27:32.
     1>Project "C:\Users\alper\compatibilityapi\cx86u32\cx86u32\user32\cx86u32.vcxproj" on node 2 (Build target(s)).
     1>ClCompile:
         C:\Program Files (x86)\Microsoft Visual Studio 12.0\VC\bin\CL.exe /c /ZI /nologo /W4 /WX- /Od /Oy- /D "_SCL_SECURE_NO_WARNINGS" /D "_CRT_SECURE_NO_WARNINGS" /D "WIN32" /D _DEBUG /D "_WINDOWS" /D _USRDLL /D DllProxyTemplate_EXPORTS /D "_WINDLL" /D "_UNICODE" /D "UNICODE" /Gm /EHa /RTC1 /MTd /GS /fp:precise /Zc:wchar_t /Zc:forScope /GR- /Fo"Debug\\" /Fd"Debug\vc120.pdb" /Gd /TP /analyze- /errorReport:prompt main.cpp forward.cpp tests.cpp
         tests.cpp
         forward.cpp
         main.cpp
     1>c:\users\alper\compatibilityapi\cx86u32\cx86u32\user32\main.cpp(38): warning C4100: 'dpi' : unreferenced formal parameter
     1>c:\users\alper\compatibilityapi\cx86u32\cx86u32\user32\main.cpp(91): warning C4100: 'context2' : unreferenced formal parameter
     1>c:\users\alper\compatibilityapi\cx86u32\cx86u32\user32\main.cpp(91): warning C4100: 'context1' : unreferenced formal parameter
     1>c:\users\alper\compatibilityapi\cx86u32\cx86u32\user32\main.cpp(97): warning C4100: 'hwnd' : unreferenced formal parameter
     1>c:\users\alper\compatibilityapi\cx86u32\cx86u32\user32\main.cpp(116): warning C4189: 'hr' : local variable is initialized but not referenced
     1>c:\users\alper\compatibilityapi\cx86u32\cx86u32\user32\main.cpp(147): warning C4100: 'hWnd' : unreferenced formal parameter
         Generating Code...
       ResourceCompile:
         C:\Program Files (x86)\Windows Kits\8.1\bin\x86\rc.exe /D "_UNICODE" /D "UNICODE" /l"0x0409" /nologo /fo"Debug\cx86u32.res" cx86u32.rc 
       Link:
         C:\Program Files (x86)\Microsoft Visual Studio 12.0\VC\bin\link.exe /ERRORREPORT:PROMPT /OUT:"C:\Users\alper\compatibilityapi\cx86u32\cx86u32\user32\Debug\cx86u32.dll" /INCREMENTAL /NOLOGO kernel32.lib user32.lib gdi32.lib winspool.lib comdlg32.lib advapi32.lib shell32.lib ole32.lib oleaut32.lib uuid.lib odbc32.lib odbccp32.lib /MANIFEST /MANIFESTUAC:"level='asInvoker' uiAccess='false'" /manifest:embed /DEBUG /PDB:"C:\Users\alper\compatibilityapi\cx86u32\cx86u32\user32\Debug\cx86u32.pdb" /SUBSYSTEM:WINDOWS /TLBID:1 /DYNAMICBASE /NXCOMPAT /IMPLIB:"C:\Users\alper\compatibilityapi\cx86u32\cx86u32\user32\Debug\cx86u32.lib" /MACHINE:X86 /DLL Debug\cx86u32.res
         Debug\main.obj
         Debug\forward.obj
         Debug\tests.obj
            Creating library C:\Users\alper\compatibilityapi\cx86u32\cx86u32\user32\Debug\cx86u32.lib and object C:\Users\alper\compatibilityapi\cx86u32\cx86u32\user32\Debug\cx86u32.exp
         cx86u32.vcxproj -> C:\Users\alper\compatibilityapi\cx86u32\cx86u32\user32\Debug\cx86u32.dll
     1>Done Building Project "C:\Users\alper\compatibilityapi\cx86u32\cx86u32\user32\cx86u32.vcxproj" (Build target(s)).

Build succeeded.

Time Elapsed 00:00:02.59
